<?xml version="1.0" encoding="UTF-8"?>
<!-- Generated by org.testng.reporters.JUnitReportReporter -->
<testsuite hostname="DD5B-D-1CFJWQ1" name="r09_SignupandLogin_Chrome.Trident_SignupPage_Invalid_Last_Name_85632" tests="1" failures="0" timestamp="30 Sep 2016 07:49:22 GMT" time="34.178" errors="0">
  <testcase name="SignupPage_Invalid_Last_Name" time="34.178" classname="r09_SignupandLogin_Chrome.Trident_SignupPage_Invalid_Last_Name_85632"/>
</testsuite> <!-- r09_SignupandLogin_Chrome.Trident_SignupPage_Invalid_Last_Name_85632 -->
