<?xml version="1.0" encoding="UTF-8"?>
<!-- Generated by org.testng.reporters.JUnitReportReporter -->
<testsuite hostname="DD5B-DX-4ST7T72" name="r10.Part_two_Chrome.Trident_ManageOceanAccount_T110858" tests="1" failures="0" timestamp="17 Oct 2016 09:59:40 GMT" time="28.423" errors="0">
  <testcase name="test1" time="28.423" classname="r10.Part_two_Chrome.Trident_ManageOceanAccount_T110858"/>
</testsuite> <!-- r10.Part_two_Chrome.Trident_ManageOceanAccount_T110858 -->
