<?xml version="1.0" encoding="UTF-8"?>
<!-- Generated by org.testng.reporters.JUnitReportReporter -->
<testsuite hostname="DD5B-D-1CFJWQ1" name="r09_SignupandLogin_Chrome.Trident_Login_Page_EmailAddress_Not_Registered_85681" tests="1" failures="0" timestamp="28 Sep 2016 09:28:16 GMT" time="86.369" errors="0">
  <testcase name="Login_Page_EmailAddress_Not_Registered" time="86.369" classname="r09_SignupandLogin_Chrome.Trident_Login_Page_EmailAddress_Not_Registered_85681"/>
</testsuite> <!-- r09_SignupandLogin_Chrome.Trident_Login_Page_EmailAddress_Not_Registered_85681 -->
