<?xml version="1.0" encoding="UTF-8"?>
<!-- Generated by org.testng.reporters.JUnitReportReporter -->
<testsuite hostname="DD5B-D-1CFJWQ1" name="r09_SignupandLogin_Chrome.Trident_SignupPage_Field_Validations_85629" tests="1" failures="0" timestamp="28 Sep 2016 09:42:03 GMT" time="27.166" errors="0">
  <testcase name="SignupPage_Field_Validations" time="27.166" classname="r09_SignupandLogin_Chrome.Trident_SignupPage_Field_Validations_85629"/>
</testsuite> <!-- r09_SignupandLogin_Chrome.Trident_SignupPage_Field_Validations_85629 -->
