<?xml version="1.0" encoding="UTF-8"?>
<!-- Generated by org.testng.reporters.JUnitReportReporter -->
<testsuite hostname="DD5B-D-1CFJWQ1" name="r09_SignupandLogin_Chrome.Trident_SignupPage_Invalid_First_Name_85631" tests="1" failures="0" timestamp="28 Sep 2016 09:41:12 GMT" time="30.878" errors="0">
  <testcase name="SignupPage_Invalid_First_Name" time="30.878" classname="r09_SignupandLogin_Chrome.Trident_SignupPage_Invalid_First_Name_85631"/>
</testsuite> <!-- r09_SignupandLogin_Chrome.Trident_SignupPage_Invalid_First_Name_85631 -->
