<?xml version="1.0" encoding="UTF-8"?>
<!-- Generated by org.testng.reporters.JUnitReportReporter -->
<testsuite hostname="DD5B-D-1CFJWQ1" name="r09_SignupandLogin_Chrome.Trident_Login_Page_ValidateUI_85677" tests="1" failures="0" timestamp="28 Sep 2016 09:28:16 GMT" time="45.323" errors="0">
  <testcase name="Trident_Login_Page_ValidateUI" time="45.323" classname="r09_SignupandLogin_Chrome.Trident_Login_Page_ValidateUI_85677"/>
</testsuite> <!-- r09_SignupandLogin_Chrome.Trident_Login_Page_ValidateUI_85677 -->
