<?xml version="1.0" encoding="UTF-8"?>
<!-- Generated by org.testng.reporters.JUnitReportReporter -->
<testsuite hostname="DD5B-D-1CFJWQ1" name="newOceanProfile.TestTrident_Login_Page_Email_Address_IncorrectandInvalid_26087" tests="1" failures="0" timestamp="27 Sep 2016 09:33:16 GMT" time="29.536" errors="0">
  <testcase name="Login_Page_Email_Address_Incorrect" time="29.536" classname="newOceanProfile.TestTrident_Login_Page_Email_Address_IncorrectandInvalid_26087"/>
</testsuite> <!-- newOceanProfile.TestTrident_Login_Page_Email_Address_IncorrectandInvalid_26087 -->
