<?xml version="1.0" encoding="UTF-8"?>
<!-- Generated by org.testng.reporters.JUnitReportReporter -->
<testsuite hostname="DD5B-D-1CFJWQ1" name="newOceanProfile.TestTrident_Login_Page_Correct_EmailAddress_IncorrectPassword_26088" tests="1" failures="0" timestamp="27 Sep 2016 09:33:16 GMT" time="33.344" errors="0">
  <testcase name="Login_Page_Correct_EmailAddress_IncorrectPassword" time="33.344" classname="newOceanProfile.TestTrident_Login_Page_Correct_EmailAddress_IncorrectPassword_26088"/>
</testsuite> <!-- newOceanProfile.TestTrident_Login_Page_Correct_EmailAddress_IncorrectPassword_26088 -->
