<?xml version="1.0" encoding="UTF-8"?>
<!-- Generated by org.testng.reporters.JUnitReportReporter -->
<testsuite hostname="DD5B-D-1CFJWQ1" name="release08_scripts_SignUp.Trident_1_3_SignupPage_Field_Accepts_Values_61973" tests="1" failures="0" timestamp="22 Aug 2016 07:52:21 GMT" time="70.871" errors="0">
  <testcase name="SignupPage_Field_Accepts_Values" time="70.871" classname="release08_scripts_SignUp.Trident_1_3_SignupPage_Field_Accepts_Values_61973"/>
</testsuite> <!-- release08_scripts_SignUp.Trident_1_3_SignupPage_Field_Accepts_Values_61973 -->
