<?xml version="1.0" encoding="UTF-8"?>
<!-- Generated by org.testng.reporters.JUnitReportReporter -->
<testsuite hostname="DD5B-D-1CFJWQ1" name="release08_scripts_SignUp.Trident_1_7_SignupPage_Leave_Field_Blank_61977" tests="1" failures="0" timestamp="22 Aug 2016 07:52:22 GMT" time="78.711" errors="0">
  <testcase name="SignupPage_Leave_Field_Blank" time="78.711" classname="release08_scripts_SignUp.Trident_1_7_SignupPage_Leave_Field_Blank_61977"/>
</testsuite> <!-- release08_scripts_SignUp.Trident_1_7_SignupPage_Leave_Field_Blank_61977 -->
