<?xml version="1.0" encoding="UTF-8"?>
<!-- Generated by org.testng.reporters.JUnitReportReporter -->
<testsuite hostname="DD5B-D-1CFJWQ1" name="release09_scripts_Chrome.Trident_4_LoginAgainstCompass_26188" tests="1" failures="0" timestamp="23 Aug 2016 09:55:38 GMT" time="74.533" errors="0">
  <testcase name="LoginAgainstCompass" time="74.533" classname="release09_scripts_Chrome.Trident_4_LoginAgainstCompass_26188"/>
</testsuite> <!-- release09_scripts_Chrome.Trident_4_LoginAgainstCompass_26188 -->
