<?xml version="1.0" encoding="UTF-8"?>
<!-- Generated by org.testng.reporters.JUnitReportReporter -->
<testsuite hostname="DD5B-D-1CFJWQ1" name="r09_SignupandLogin_Chrome.Trident_SignupPage_Complete_SignUp_85634" tests="1" failures="0" timestamp="28 Sep 2016 03:22:18 GMT" time="24.733" errors="0">
  <testcase name="SignupPage_Complete_SignUp" time="24.733" classname="r09_SignupandLogin_Chrome.Trident_SignupPage_Complete_SignUp_85634"/>
</testsuite> <!-- r09_SignupandLogin_Chrome.Trident_SignupPage_Complete_SignUp_85634 -->
