<?xml version="1.0" encoding="UTF-8"?>
<!-- Generated by org.testng.reporters.JUnitReportReporter -->
<testsuite hostname="DD5B-D-1CFJWQ1" name="r09_SignupandLogin_Chrome.Trident_SignupPage_Invalid_Last_Name_98981" tests="1" failures="0" timestamp="5 Oct 2016 05:01:37 GMT" time="22.334" errors="0">
  <testcase name="SignupPage_Invalid_Last_Name" time="22.334" classname="r09_SignupandLogin_Chrome.Trident_SignupPage_Invalid_Last_Name_98981"/>
</testsuite> <!-- r09_SignupandLogin_Chrome.Trident_SignupPage_Invalid_Last_Name_98981 -->
