<?xml version="1.0" encoding="UTF-8"?>
<!-- Generated by org.testng.reporters.JUnitReportReporter -->
<testsuite hostname="DD5B-DX-4ST7T72" name="release09_scripts_Chrome.Trident_1_BookUpdatedRecommendation" tests="1" failures="0" timestamp="24 Aug 2016 11:14:35 GMT" time="72.422" errors="0">
  <testcase name="BookUpdatedRecommendation" time="72.422" classname="release09_scripts_Chrome.Trident_1_BookUpdatedRecommendation"/>
</testsuite> <!-- release09_scripts_Chrome.Trident_1_BookUpdatedRecommendation -->
