<?xml version="1.0" encoding="UTF-8"?>
<!-- Generated by org.testng.reporters.JUnitReportReporter -->
<testsuite hostname="DD5B-D-1CFJWQ1" name="r09_SignupandLogin_Chrome.Trident_Login_Page_Only_Password_85679" tests="1" failures="0" timestamp="28 Sep 2016 03:22:18 GMT" time="20.180" errors="0">
  <testcase name="PasswordAndNoUsername" time="20.180" classname="r09_SignupandLogin_Chrome.Trident_Login_Page_Only_Password_85679"/>
</testsuite> <!-- r09_SignupandLogin_Chrome.Trident_Login_Page_Only_Password_85679 -->
