<?xml version="1.0" encoding="UTF-8"?>
<!-- Generated by org.testng.reporters.JUnitReportReporter -->
<testsuite hostname="DD5B-D-1CFJWQ1" name="r09_SignupandLogin_Chrome.Trident_Guest_Account_Logout_85621" tests="1" failures="0" timestamp="28 Sep 2016 03:22:18 GMT" time="42.625" errors="0">
  <testcase name="Guest_Account_Logout" time="42.625" classname="r09_SignupandLogin_Chrome.Trident_Guest_Account_Logout_85621"/>
</testsuite> <!-- r09_SignupandLogin_Chrome.Trident_Guest_Account_Logout_85621 -->
