<?xml version="1.0" encoding="UTF-8"?>
<!-- Generated by org.testng.reporters.JUnitReportReporter -->
<testsuite hostname="DD5B-D-1CFJWQ1" name="r09_SignupandLogin_Chrome.Trident_SignupPage_Field_Validations_98978" tests="1" failures="0" timestamp="5 Oct 2016 05:01:37 GMT" time="22.881" errors="0">
  <testcase name="SignupPage_Field_Validations" time="22.881" classname="r09_SignupandLogin_Chrome.Trident_SignupPage_Field_Validations_98978"/>
</testsuite> <!-- r09_SignupandLogin_Chrome.Trident_SignupPage_Field_Validations_98978 -->
