<?xml version="1.0" encoding="UTF-8"?>
<!-- Generated by org.testng.reporters.JUnitReportReporter -->
<testsuite hostname="DD5B-D-1CFJWQ1" name="release08_scripts_SignUp.Trident_1_4_SignupPage_Invalid_Email_Address_61974" tests="1" failures="0" timestamp="22 Aug 2016 07:52:22 GMT" time="52.972" errors="0">
  <testcase name="SignupPage_Invalid_Email_Address" time="52.972" classname="release08_scripts_SignUp.Trident_1_4_SignupPage_Invalid_Email_Address_61974"/>
</testsuite> <!-- release08_scripts_SignUp.Trident_1_4_SignupPage_Invalid_Email_Address_61974 -->
