<?xml version="1.0" encoding="UTF-8"?>
<!-- Generated by org.testng.reporters.JUnitReportReporter -->
<testsuite hostname="DD5B-D-1CFJWQ1" name="release09_scripts_Chrome.Trident_4_VerifyLogin_NoUsernameAndNoPassword_64503" tests="1" failures="0" timestamp="2 Sep 2016 07:26:06 GMT" time="48.366" errors="0">
  <testcase name="NoUsernameAndNoPassword" time="48.366" classname="release09_scripts_Chrome.Trident_4_VerifyLogin_NoUsernameAndNoPassword_64503"/>
</testsuite> <!-- release09_scripts_Chrome.Trident_4_VerifyLogin_NoUsernameAndNoPassword_64503 -->
