<?xml version="1.0" encoding="UTF-8"?>
<!-- Generated by org.testng.reporters.JUnitReportReporter -->
<testsuite hostname="DD5B-D-1CFJWQ1" name="r09_SignupandLogin_Chrome.Trident_Login_Page_Login_without_RememberMe_99034" tests="1" failures="0" timestamp="5 Oct 2016 05:01:37 GMT" time="22.711" errors="0">
  <testcase name="Trident_Login_Page_Login_without_RememberMe" time="22.711" classname="r09_SignupandLogin_Chrome.Trident_Login_Page_Login_without_RememberMe_99034"/>
</testsuite> <!-- r09_SignupandLogin_Chrome.Trident_Login_Page_Login_without_RememberMe_99034 -->
