<?xml version="1.0" encoding="UTF-8"?>
<!-- Generated by org.testng.reporters.JUnitReportReporter -->
<testsuite hostname="DD5B-D-1CFJWQ1" name="release08_scripts_SignUp.Trident_1_9_SignupPage_Complete_SignUp_61979" tests="1" failures="0" timestamp="22 Aug 2016 07:52:22 GMT" time="55.888" errors="0">
  <testcase name="SignupPage_Complete_SignUp" time="55.888" classname="release08_scripts_SignUp.Trident_1_9_SignupPage_Complete_SignUp_61979"/>
</testsuite> <!-- release08_scripts_SignUp.Trident_1_9_SignupPage_Complete_SignUp_61979 -->
