<?xml version="1.0" encoding="UTF-8"?>
<!-- Generated by org.testng.reporters.JUnitReportReporter -->
<testsuite hostname="DD5B-DX-4ST7T72" name="sprint8_scripts.Trident_1_3_SignupPage_Field_Accepts_Values" tests="1" failures="0" timestamp="22 Aug 2016 06:36:46 GMT" time="34.586" errors="0">
  <testcase name="signUpFieldValidation" time="34.586" classname="sprint8_scripts.Trident_1_3_SignupPage_Field_Accepts_Values"/>
</testsuite> <!-- sprint8_scripts.Trident_1_3_SignupPage_Field_Accepts_Values -->
