<?xml version="1.0" encoding="UTF-8"?>
<!-- Generated by org.testng.reporters.JUnitReportReporter -->
<testsuite hostname="DD5B-DX-4ST7T72" name="sprint8_scripts.Trident_1_4_SignupPage_Invalid_Email_Address" tests="1" failures="0" timestamp="22 Aug 2016 06:19:56 GMT" time="33.387" errors="0">
  <testcase name="BookUpdatedRecommendation" time="33.387" classname="sprint8_scripts.Trident_1_4_SignupPage_Invalid_Email_Address"/>
</testsuite> <!-- sprint8_scripts.Trident_1_4_SignupPage_Invalid_Email_Address -->
