<?xml version="1.0" encoding="UTF-8"?>
<!-- Generated by org.testng.reporters.JUnitReportReporter -->
<testsuite hostname="DD5B-D-1CFJWQ1" name="r09_SignupandLogin_Chrome.Trident_Login_Page_EmailAddress_Not_Registered_99030" tests="1" failures="0" timestamp="5 Oct 2016 05:01:37 GMT" time="29.727" errors="0">
  <testcase name="Login_Page_EmailAddress_Not_Registered" time="29.727" classname="r09_SignupandLogin_Chrome.Trident_Login_Page_EmailAddress_Not_Registered_99030"/>
</testsuite> <!-- r09_SignupandLogin_Chrome.Trident_Login_Page_EmailAddress_Not_Registered_99030 -->
