<?xml version="1.0" encoding="UTF-8"?>
<!-- Generated by org.testng.reporters.JUnitReportReporter -->
<testsuite hostname="DD5B-D-1CFJWQ1" name="r09_SignupandLogin_Chrome.Trident_Profile_change_Password_DataMismatch_Error_85627" tests="1" failures="0" timestamp="28 Sep 2016 04:52:37 GMT" time="38.160" errors="0">
  <testcase name="Profile_change_Password_DataMismatch_Error" time="38.160" classname="r09_SignupandLogin_Chrome.Trident_Profile_change_Password_DataMismatch_Error_85627"/>
</testsuite> <!-- r09_SignupandLogin_Chrome.Trident_Profile_change_Password_DataMismatch_Error_85627 -->
