<?xml version="1.0" encoding="UTF-8"?>
<!-- Generated by org.testng.reporters.JUnitReportReporter -->
<testsuite hostname="DD5B-D-1CFJWQ1" name="r09_SignupandLogin_Chrome.Trident_Login_Page_ValidateUI_64505" tests="1" failures="0" timestamp="14 Sep 2016 09:43:58 GMT" time="34.028" errors="0">
  <testcase name="Trident_Login_Page_ValidateUI" time="34.028" classname="r09_SignupandLogin_Chrome.Trident_Login_Page_ValidateUI_64505"/>
</testsuite> <!-- r09_SignupandLogin_Chrome.Trident_Login_Page_ValidateUI_64505 -->
