<?xml version="1.0" encoding="UTF-8"?>
<!-- Generated by org.testng.reporters.JUnitReportReporter -->
<testsuite hostname="DD5B-DX-4ST7T72" name="sprint8_scripts.Trident_1_2_SignupPage_UI_Validations" tests="1" failures="0" timestamp="22 Aug 2016 06:49:01 GMT" time="39.259" errors="0">
  <testcase name="signUpValidation" time="39.259" classname="sprint8_scripts.Trident_1_2_SignupPage_UI_Validations"/>
</testsuite> <!-- sprint8_scripts.Trident_1_2_SignupPage_UI_Validations -->
