<?xml version="1.0" encoding="UTF-8"?>
<!-- Generated by org.testng.reporters.JUnitReportReporter -->
<testsuite hostname="DD5B-D-1CFJWQ1" name="r09_SignupandLogin_Chrome.Trident_Login_Page_Enter_Email_with_RememberMe_99033" tests="1" failures="0" timestamp="5 Oct 2016 05:01:37 GMT" time="48.100" errors="0">
  <testcase name="Login_Page_Enter_Email_with_RememberMe" time="48.100" classname="r09_SignupandLogin_Chrome.Trident_Login_Page_Enter_Email_with_RememberMe_99033"/>
</testsuite> <!-- r09_SignupandLogin_Chrome.Trident_Login_Page_Enter_Email_with_RememberMe_99033 -->
