<?xml version="1.0" encoding="UTF-8"?>
<!-- Generated by org.testng.reporters.JUnitReportReporter -->
<testsuite hostname="DD5B-D-1CFJWQ1" name="r09_SignupandLogin_Chrome.Trident_Login_Page_Email_Address_Incorrect_85680" tests="1" failures="0" timestamp="13 Sep 2016 08:49:40 GMT" time="51.708" errors="0">
  <testcase name="InvalidUser" time="51.708" classname="r09_SignupandLogin_Chrome.Trident_Login_Page_Email_Address_Incorrect_85680"/>
</testsuite> <!-- r09_SignupandLogin_Chrome.Trident_Login_Page_Email_Address_Incorrect_85680 -->
