<?xml version="1.0" encoding="UTF-8"?>
<!-- Generated by org.testng.reporters.JUnitReportReporter -->
<testsuite hostname="DD5B-D-1CFJWQ1" name="r09_SignupandLogin_Chrome.Trident_SignupPage_Complete_SignUp_98983" tests="1" failures="0" timestamp="5 Oct 2016 05:01:37 GMT" time="24.987" errors="0">
  <testcase name="SignupPage_Complete_SignUp" time="24.987" classname="r09_SignupandLogin_Chrome.Trident_SignupPage_Complete_SignUp_98983"/>
</testsuite> <!-- r09_SignupandLogin_Chrome.Trident_SignupPage_Complete_SignUp_98983 -->
