<?xml version="1.0" encoding="UTF-8"?>
<!-- Generated by org.testng.reporters.JUnitReportReporter -->
<testsuite hostname="DD5B-D-1CFJWQ1" name="r09_SignupandLogin_Chrome.Trident_Login_Page_Login_with_Email_address_85678" tests="1" failures="0" timestamp="28 Sep 2016 03:22:18 GMT" time="24.201" errors="0">
  <testcase name="Trident_Login_PageLogin_with_Email_address" time="24.201" classname="r09_SignupandLogin_Chrome.Trident_Login_Page_Login_with_Email_address_85678"/>
</testsuite> <!-- r09_SignupandLogin_Chrome.Trident_Login_Page_Login_with_Email_address_85678 -->
