<?xml version="1.0" encoding="UTF-8"?>
<!-- Generated by org.testng.reporters.JUnitReportReporter -->
<testsuite hostname="DD5B-D-1CFJWQ1" name="r09_SignupandLogin_Chrome.Trident_Login_Page_EmailAddress_Incorrect_85683" tests="1" failures="0" timestamp="28 Sep 2016 03:22:18 GMT" time="26.922" errors="0">
  <testcase name="Login_Page_EmailAddress_Incorrect" time="26.922" classname="r09_SignupandLogin_Chrome.Trident_Login_Page_EmailAddress_Incorrect_85683"/>
</testsuite> <!-- r09_SignupandLogin_Chrome.Trident_Login_Page_EmailAddress_Incorrect_85683 -->
