<?xml version="1.0" encoding="UTF-8"?>
<!-- Generated by org.testng.reporters.JUnitReportReporter -->
<testsuite hostname="DD5B-D-1CFJWQ1" name="r09_SignupandLogin_Chrome.Trident_Guest_Account_Logout_98970" tests="1" failures="0" timestamp="5 Oct 2016 05:29:40 GMT" time="39.055" errors="0">
  <testcase name="Guest_Account_Logout" time="39.055" classname="r09_SignupandLogin_Chrome.Trident_Guest_Account_Logout_98970"/>
</testsuite> <!-- r09_SignupandLogin_Chrome.Trident_Guest_Account_Logout_98970 -->
